[2015-10-05 20:05:22] START
[2015-10-05 20:05:56] EDIT blog/models/db.py: 1
[2015-10-05 20:06:49] EDIT blog/models/db.py: 5
[2015-10-05 20:09:03] EDIT blog/models/db.py: 0
[2015-10-05 20:39:04] EDIT blog/models/db.py: 3
[2015-10-05 20:39:10] EDIT blog/models/db.py: 0
[2015-10-05 20:42:42] EDIT blog/controllers/default.py: 0
[2015-10-05 20:43:40] EDIT blog/models/db.py: 2
[2015-10-05 20:45:37] EDIT blog/views/default/index.html: -42
[2015-10-05 20:49:03] EDIT blog/controllers/default.py: 0
[2015-10-05 20:59:20] EDIT blog/views/default/index.html: 0
[2015-10-05 20:59:57] CREATE default/create.html: 0
[2015-10-05 21:01:08] EDIT blog/views/default/create.html: 4
[2015-10-05 21:10:03] EDIT blog/views/default/create.html: -4
[2015-10-05 21:10:37] EDIT blog/views/default/create.html: -1
[2015-10-05 21:14:05] EDIT blog/controllers/default.py: 3
[2015-10-05 21:14:28] EDIT blog/views/default/create.html: 1
[2015-10-05 21:15:49] EDIT blog/controllers/default.py: 2
[2015-10-05 21:18:55] EDIT blog/controllers/default.py: 4
[2015-10-05 21:19:28] EDIT blog/models/db.py: 1
[2015-10-05 21:35:16] EDIT blog/views/default/create.html: 0
[2015-10-05 21:45:27] CREATE default/show.html: 0
[2015-10-05 21:46:37] EDIT blog/controllers/default.py: 1
[2015-10-05 21:47:00] EDIT blog/views/default/show.html: 3
[2015-10-05 21:47:10] EDIT blog/views/default/show.html: -1
[2015-10-05 21:47:20] EDIT blog/views/default/show.html: 0
[2015-10-05 21:47:46] EDIT blog/views/default/show.html: 0
[2015-10-05 21:49:04] EDIT blog/controllers/default.py: 1
[2015-10-05 21:49:06] EDIT blog/controllers/default.py: 0
[2015-10-05 21:49:20] EDIT blog/views/default/show.html: 3
[2015-10-05 21:49:50] EDIT blog/views/default/show.html: -2
[2015-10-05 21:51:10] EDIT blog/controllers/default.py: 1
[2015-10-05 21:51:19] EDIT blog/controllers/default.py: 0
[2015-10-05 21:51:27] EDIT blog/controllers/default.py: 0
[2015-10-05 21:52:18] EDIT blog/views/default/show.html: 2
[2015-10-05 21:53:29] EDIT blog/models/db.py: 0
[2015-10-05 21:55:49] EDIT blog/views/default/show.html: 8
[2015-10-05 21:55:53] EDIT blog/views/default/show.html: 0
[2015-10-05 21:56:06] EDIT blog/views/default/show.html: 0
[2015-10-05 21:56:15] EDIT blog/views/default/show.html: 0
[2015-10-05 21:56:21] EDIT blog/views/default/show.html: 0
[2015-10-05 21:57:25] EDIT blog/views/default/show.html: 1
[2015-10-05 22:01:33] EDIT blog/controllers/default.py: 1
[2015-10-05 22:01:37] EDIT blog/controllers/default.py: 0
[2015-10-05 22:01:50] EDIT blog/views/default/show.html: 1
[2015-10-05 22:06:31] EDIT blog/controllers/default.py: 2
[2015-10-05 22:07:09] EDIT blog/views/default/show.html: 0
[2015-10-05 22:07:18] EDIT blog/views/default/show.html: 0
[2015-10-05 22:07:29] EDIT blog/views/default/show.html: 0
[2015-10-05 22:07:51] EDIT blog/views/default/show.html: 0
[2015-10-05 22:09:10] EDIT blog/views/default/show.html: 0
[2015-10-05 22:09:22] EDIT blog/views/default/show.html: 0
[2015-10-05 22:09:40] EDIT blog/views/default/show.html: 0
[2015-10-05 22:09:42] EDIT blog/views/default/show.html: 0
[2015-10-05 22:11:55] EDIT blog/views/default/show.html: 2
[2015-10-05 22:12:06] EDIT blog/views/default/show.html: 1
[2015-10-05 22:14:39] EDIT blog/views/default/index.html: 0
[2015-10-05 22:14:55] EDIT blog/views/default/index.html: 0
[2015-10-05 22:15:07] EDIT blog/views/default/index.html: -1
[2015-10-05 22:15:16] EDIT blog/views/default/index.html: 1
[2015-10-05 22:23:00] EDIT blog/models/db.py: 0
[2015-10-05 22:23:31] EDIT blog/models/db.py: 0
[2015-10-05 22:23:37] EDIT blog/models/db.py: 0
[2015-10-05 22:25:29] EDIT blog/controllers/default.py: 1
[2015-10-05 22:25:40] EDIT blog/controllers/default.py: 1
[2015-10-05 22:25:42] EDIT blog/controllers/default.py: 0
[2015-10-05 22:27:45] EDIT blog/models/db.py: 0
[2015-10-05 22:28:19] EDIT blog/models/db.py: 0
[2015-10-05 22:33:01] EDIT blog/models/db.py: 0
[2015-10-05 22:33:06] EDIT blog/models/db.py: 0
[2015-10-05 22:33:25] EDIT blog/models/db.py: 0
[2015-10-05 22:34:01] EDIT blog/models/db.py: 0
[2015-10-05 22:34:08] EDIT blog/models/db.py: 0
[2015-10-05 22:34:23] EDIT blog/controllers/default.py: 0
[2015-10-05 22:34:40] EDIT blog/models/db.py: 0
[2015-10-05 22:35:48] EDIT blog/models/db.py: 2
[2015-10-05 22:36:02] EDIT blog/models/db.py: 0
[2015-10-05 22:37:57] EDIT blog/models/db.py: 2
[2015-10-05 22:38:31] EDIT blog/models/db.py: 0
[2015-10-05 22:39:04] EDIT blog/models/db.py: 0
[2015-10-05 22:39:23] EDIT blog/models/db.py: 0
[2015-10-05 22:39:28] EDIT blog/models/db.py: 0
[2015-10-05 22:39:34] EDIT blog/models/db.py: 0
[2015-10-05 22:39:49] EDIT blog/models/db.py: 0
[2015-10-05 22:39:54] EDIT blog/models/db.py: -1
[2015-10-05 22:39:58] EDIT blog/models/db.py: 1
[2015-10-05 22:40:50] EDIT blog/models/db.py: 0
[2015-10-05 22:41:35] EDIT blog/models/db.py: 0
[2015-10-05 22:42:05] EDIT blog/models/db.py: 1
[2015-10-05 22:42:18] EDIT blog/models/db.py: -1
[2015-10-05 22:42:55] EDIT blog/models/db.py: -1
[2015-10-05 22:43:39] EDIT blog/models/db.py: 0
[2015-10-05 22:44:11] EDIT blog/models/db.py: 0
[2015-10-05 22:45:11] EDIT blog/views/default/show.html: 0
[2015-10-05 22:46:27] EDIT blog/models/db.py: -1
[2015-10-05 22:48:11] EDIT blog/models/db.py: 0
[2015-10-05 22:48:42] EDIT blog/views/default/index.html: 0
[2015-10-05 22:49:38] EDIT blog/views/default/index.html: 0
[2015-10-05 22:51:19] EDIT blog/views/default/index.html: 1
[2015-10-05 22:51:40] EDIT blog/views/default/index.html: 0
[2015-10-05 22:52:03] EDIT blog/views/default/index.html: 0
[2015-10-05 22:53:09] EDIT blog/models/db.py: 1
[2015-10-05 22:53:40] EDIT blog/models/db.py: 0
[2015-10-05 22:54:04] EDIT blog/models/db.py: 0
[2015-10-05 22:54:21] EDIT blog/models/db.py: 1
[2015-10-05 23:00:17] EDIT blog/controllers/default.py: 1
[2015-10-05 23:06:53] EDIT blog/views/default/show.html: 6
[2015-10-05 23:07:12] EDIT blog/controllers/default.py: -1
[2015-10-05 23:07:43] EDIT blog/views/default/show.html: -6
[2015-10-05 23:13:05] EDIT blog/controllers/default.py: 2
[2015-10-05 23:14:21] EDIT blog/controllers/default.py: 1
[2015-10-05 23:14:43] EDIT blog/controllers/default.py: 0
[2015-10-05 23:15:33] CREATE default/profile.html: 0
[2015-10-05 23:16:09] EDIT blog/views/default/profile.html: 5
[2015-10-05 23:18:01] EDIT blog/controllers/default.py: 1
[2015-10-05 23:18:39] EDIT blog/controllers/default.py: 0
[2015-10-05 23:20:26] EDIT blog/views/default/profile.html: -1
[2015-10-05 23:20:42] EDIT blog/controllers/default.py: 0
[2015-10-05 23:22:48] EDIT blog/views/default/show.html: 0
[2015-10-05 23:23:01] EDIT blog/controllers/default.py: 0
[2015-10-05 23:23:52] EDIT blog/views/default/show.html: 0
[2015-10-05 23:26:02] EDIT blog/views/default/show.html: 0
[2015-10-05 23:26:35] EDIT blog/views/default/show.html: 0
[2015-10-05 23:26:50] EDIT blog/views/default/show.html: 0
[2015-10-05 23:27:01] EDIT blog/views/default/show.html: 0
[2015-10-05 23:27:27] EDIT blog/controllers/default.py: 0
[2015-10-05 23:27:38] EDIT blog/views/default/show.html: 0
[2015-10-05 23:27:58] EDIT blog/controllers/default.py: 0
[2015-10-06 00:11:59] EDIT blog/controllers/default.py: 1
[2015-10-06 00:12:11] EDIT blog/views/default/profile.html: 0
[2015-10-06 00:12:38] EDIT blog/views/default/profile.html: 0
[2015-10-06 00:13:14] EDIT blog/controllers/default.py: 0
[2015-10-06 00:13:55] EDIT blog/controllers/default.py: 0
[2015-10-06 00:14:20] EDIT blog/controllers/default.py: 0
[2015-10-06 00:16:27] EDIT blog/controllers/default.py: 0
[2015-10-06 00:16:30] EDIT blog/controllers/default.py: 0
[2015-10-06 00:17:14] EDIT blog/controllers/default.py: 0
[2015-10-06 00:17:23] EDIT blog/controllers/default.py: 0
[2015-10-06 00:17:45] EDIT blog/controllers/default.py: 0
[2015-10-06 00:19:32] EDIT blog/controllers/default.py: 0
[2015-10-06 00:22:08] EDIT blog/views/default/profile.html: 0
[2015-10-06 00:22:15] EDIT blog/views/default/profile.html: 0
[2015-10-06 00:22:25] EDIT blog/views/default/profile.html: 0
[2015-10-06 00:23:31] EDIT blog/controllers/default.py: 1
[2015-10-06 00:24:00] EDIT blog/controllers/default.py: 0
[2015-10-06 00:24:56] EDIT blog/controllers/default.py: 0
[2015-10-06 00:26:20] EDIT blog/controllers/default.py: -1
[2015-10-06 00:26:45] EDIT blog/controllers/default.py: 0
[2015-10-06 00:26:48] EDIT blog/controllers/default.py: 0
[2015-10-06 00:31:04] EDIT blog/controllers/default.py: 0
[2015-10-06 00:31:14] EDIT blog/controllers/default.py: 0
[2015-10-06 00:31:19] EDIT blog/controllers/default.py: 0
[2015-10-06 00:31:24] EDIT blog/controllers/default.py: 0
[2015-10-06 00:31:30] EDIT blog/controllers/default.py: 0
[2015-10-06 00:31:48] EDIT blog/controllers/default.py: 0
[2015-10-06 00:31:52] EDIT blog/views/default/profile.html: 0
[2015-10-06 00:32:01] EDIT blog/controllers/default.py: 0
[2015-10-06 00:32:53] EDIT blog/controllers/default.py: 0
[2015-10-06 00:33:01] EDIT blog/controllers/default.py: 0
[2015-10-06 00:33:04] EDIT blog/controllers/default.py: 0
[2015-10-06 00:33:45] EDIT blog/controllers/default.py: 0
[2015-10-06 00:33:52] EDIT blog/controllers/default.py: 0
[2015-10-06 00:36:20] EDIT blog/controllers/default.py: 0
[2015-10-06 00:44:56] EDIT blog/controllers/default.py: 0
[2015-10-06 00:45:15] EDIT blog/controllers/default.py: 0
[2015-10-06 00:45:36] EDIT blog/controllers/default.py: 0
[2015-10-06 00:49:12] EDIT blog/models/db.py: -1
[2015-10-06 00:49:39] EDIT blog/controllers/default.py: 0
[2015-10-06 00:50:17] EDIT blog/controllers/default.py: 0
[2015-10-06 00:51:59] EDIT blog/controllers/default.py: 1
[2015-10-06 00:52:35] EDIT blog/controllers/default.py: -1
[2015-10-06 00:52:45] EDIT blog/controllers/default.py: 0
[2015-10-06 00:54:03] EDIT blog/controllers/default.py: 1
[2015-10-06 00:54:19] EDIT blog/controllers/default.py: 0
[2015-10-06 00:54:23] EDIT blog/controllers/default.py: 0
[2015-10-06 00:54:46] EDIT blog/controllers/default.py: 0
[2015-10-06 00:54:57] EDIT blog/controllers/default.py: -1
[2015-10-06 00:55:29] EDIT blog/views/default/show.html: 2
[2015-10-06 00:55:53] EDIT blog/views/default/show.html: 0
[2015-10-06 00:57:09] EDIT blog/views/default/show.html: 2
[2015-10-06 00:58:15] EDIT blog/views/default/show.html: 0
[2015-10-06 00:58:26] EDIT blog/views/default/show.html: 0
[2015-10-06 00:58:39] EDIT blog/views/default/show.html: 0
[2015-10-06 00:59:23] EDIT blog/controllers/default.py: 0
[2015-10-06 01:00:52] EDIT blog/views/default/show.html: 0
